2025-09-16 23:18:24.254 | INFO     | backend.services.ingest:load_documents:33 - Loaded: ./data/doc/G4+ Wire-in MONSOON.pdf
2025-09-16 23:18:24.315 | INFO     | backend.services.ingest:load_documents:33 - Loaded: ./data/doc/G4-AtomX.pdf
2025-09-16 23:18:24.768 | INFO     | backend.services.ingest:load_documents:33 - Loaded: ./data/doc/Mazda RX7 Series 6 Installation Manual.pdf
2025-09-16 23:18:29.750 | INFO     | backend.services.ingest:load_documents:33 - Loaded: ./data/doc/G4+ Wire-in KUROFUNE.pdf
2025-09-16 23:18:30.145 | INFO     | backend.services.ingest:load_documents:33 - Loaded: ./data/doc/Honda Civic Gen 7 and Integra Type R (DC5) Installation Manual.pdf
2025-09-16 23:18:30.585 | INFO     | backend.services.ingest:load_documents:33 - Loaded: ./data/doc/Mazda RX7 Series 7-8 Installation Manual.pdf
2025-09-16 23:18:31.057 | INFO     | backend.services.ingest:load_documents:33 - Loaded: ./data/doc/Audi -TTLINK–TTX.pdf
2025-09-16 23:18:31.184 | INFO     | backend.services.ingest:load_documents:33 - Loaded: ./data/doc/G4-FuryX.pdf
2025-09-16 23:18:31.244 | INFO     | backend.services.ingest:load_documents:33 - Loaded: ./data/doc/G4-MonsoonX.pdf
2025-09-16 23:18:31.681 | INFO     | backend.services.ingest:load_documents:33 - Loaded: ./data/doc/Mazda MX-5 NB1 Installation Manual.pdf
2025-09-16 23:18:32.190 | INFO     | backend.services.ingest:load_documents:33 - Loaded: ./data/doc/Holden-VL (RB30) Installation Manual.pdf
2025-09-16 23:18:32.700 | INFO     | backend.services.ingest:load_documents:33 - Loaded: ./data/doc/BMW-MINIX-MINIX.pdf
2025-09-16 23:18:32.827 | INFO     | backend.services.ingest:load_documents:33 - Loaded: ./data/doc/G4-XtremeX.pdf
2025-09-16 23:18:33.259 | INFO     | backend.services.ingest:load_documents:33 - Loaded: ./data/doc/Mazda MX-5 (1600-1800) Installation Manual.pdf
2025-09-16 23:18:38.984 | INFO     | backend.services.ingest:load_documents:33 - Loaded: ./data/doc/G4+ Wire-in XTREME.pdf
2025-09-16 23:18:40.403 | INFO     | backend.services.ingest:load_documents:33 - Loaded: ./data/doc/G4+ Wire-in CAN-LAMBDA.pdf
2025-09-16 23:18:40.796 | INFO     | backend.services.ingest:load_documents:33 - Loaded: ./data/doc/G5-Voodoo-Pro.pdf
2025-09-16 23:18:48.046 | INFO     | backend.services.ingest:load_documents:33 - Loaded: ./data/doc/G4+ Wire-in THUNDER.pdf
2025-09-16 23:18:52.013 | INFO     | backend.services.ingest:load_documents:33 - Loaded: ./data/doc/G4+ Wire-in FURY.pdf
2025-09-16 23:18:52.533 | INFO     | backend.services.ingest:load_documents:33 - Loaded: ./data/doc/Mazda MX-5 NB2 Installation Manual.pdf
2025-09-16 23:18:54.699 | INFO     | backend.services.ingest:load_documents:33 - Loaded: ./data/doc/G4+ Wire-in ATOM.pdf
2025-09-16 23:18:55.169 | INFO     | backend.services.ingest:load_documents:33 - Loaded: ./data/doc/Honda-CIVIC-Gen5 Installation Manual.pdf
2025-09-16 23:19:01.293 | INFO     | backend.services.ingest:load_documents:33 - Loaded: ./data/doc/G4+ Wire-in STORM.pdf
2025-09-16 23:19:08.269 | INFO     | backend.services.ingest:load_documents:33 - Loaded: ./data/doc/G4+ Wire-in FORCE GDI.pdf
2025-09-16 23:19:08.690 | INFO     | backend.services.ingest:load_documents:33 - Loaded: ./data/doc/Honda S2000 AP1 Installation Manual.pdf
2025-09-16 23:19:09.224 | INFO     | backend.services.ingest:load_documents:33 - Loaded: ./data/doc/BMW-BMWLINK-E36X.pdf
2025-09-16 23:19:09.310 | INFO     | backend.services.ingest:load_documents:33 - Loaded: ./data/doc/G4-StormX.pdf
2025-09-16 23:19:09.751 | INFO     | backend.services.ingest:load_documents:33 - Loaded: ./data/doc/G5-Voodoo-Neo6.pdf
2025-09-16 23:19:10.255 | INFO     | backend.services.ingest:load_documents:33 - Loaded: ./data/doc/Honda-CIVIC-Gen6 Installation Manual.pdf
2025-09-16 23:19:10.725 | INFO     | backend.services.ingest:load_documents:33 - Loaded: ./data/doc/G5-Voodoo-Neo4.pdf
2025-09-16 23:21:13.848 | INFO     | backend.services.ingest:build_or_update_vectorstore:64 - Indexed 1044 chunks into ./data/vectorstore
